<?xml version="1.0" encoding="UTF-8"?>
<coverage generated="1695760898153" clover="3.2.0">
  <project timestamp="1695760898153" name="All files">
    <metrics statements="90" coveredstatements="85" conditionals="55" coveredconditionals="39" methods="23" coveredmethods="23" elements="168" coveredelements="147" complexity="0" loc="90" ncloc="90" packages="2" files="4" classes="4"/>
    <package name="composables">
      <metrics statements="75" coveredstatements="71" conditionals="49" coveredconditionals="33" methods="20" coveredmethods="20"/>
      <file name="json-file-crud.ts" path="D:\Projects\MEVN\menu-builder\menu-builder-app\src\composables\json-file-crud.ts">
        <metrics statements="46" coveredstatements="42" conditionals="18" coveredconditionals="13" methods="15" coveredmethods="15"/>
        <line num="1" count="1" type="stmt"/>
        <line num="2" count="1" type="stmt"/>
        <line num="4" count="8" type="stmt"/>
        <line num="5" count="8" type="stmt"/>
        <line num="6" count="8" type="stmt"/>
        <line num="7" count="6" type="stmt"/>
        <line num="8" count="6" type="stmt"/>
        <line num="10" count="2" type="stmt"/>
        <line num="14" count="1" type="stmt"/>
        <line num="17" count="3" type="stmt"/>
        <line num="18" count="3" type="stmt"/>
        <line num="19" count="3" type="stmt"/>
        <line num="21" count="6" type="cond" truecount="3" falsecount="1"/>
        <line num="22" count="3" type="cond" truecount="2" falsecount="0"/>
        <line num="24" count="0" type="stmt"/>
        <line num="28" count="1" type="stmt"/>
        <line num="31" count="1" type="stmt"/>
        <line num="32" count="1" type="stmt"/>
        <line num="33" count="1" type="stmt"/>
        <line num="35" count="1" type="stmt"/>
        <line num="36" count="1" type="stmt"/>
        <line num="37" count="1" type="stmt"/>
        <line num="39" count="1" type="stmt"/>
        <line num="41" count="0" type="stmt"/>
        <line num="45" count="1" type="stmt"/>
        <line num="49" count="1" type="stmt"/>
        <line num="50" count="1" type="stmt"/>
        <line num="51" count="1" type="stmt"/>
        <line num="52" count="3" type="cond" truecount="3" falsecount="1"/>
        <line num="53" count="1" type="cond" truecount="0" falsecount="1"/>
        <line num="55" count="1" type="stmt"/>
        <line num="56" count="1" type="stmt"/>
        <line num="57" count="4" type="cond" truecount="2" falsecount="0"/>
        <line num="60" count="1" type="stmt"/>
        <line num="65" count="1" type="stmt"/>
        <line num="67" count="0" type="stmt"/>
        <line num="71" count="1" type="stmt"/>
        <line num="74" count="1" type="stmt"/>
        <line num="75" count="1" type="stmt"/>
        <line num="76" count="1" type="stmt"/>
        <line num="77" count="3" type="cond" truecount="3" falsecount="1"/>
        <line num="78" count="1" type="cond" truecount="0" falsecount="1"/>
        <line num="80" count="4" type="stmt"/>
        <line num="82" count="1" type="stmt"/>
        <line num="87" count="1" type="stmt"/>
        <line num="89" count="0" type="stmt"/>
      </file>
      <file name="resolve-template.ts" path="D:\Projects\MEVN\menu-builder\menu-builder-app\src\composables\resolve-template.ts">
        <metrics statements="29" coveredstatements="29" conditionals="31" coveredconditionals="20" methods="5" coveredmethods="5"/>
        <line num="3" count="1" type="stmt"/>
        <line num="6" count="4" type="stmt"/>
        <line num="7" count="4" type="stmt"/>
        <line num="11" count="4" type="stmt"/>
        <line num="15" count="4" type="stmt"/>
        <line num="19" count="4" type="stmt"/>
        <line num="22" count="1" type="stmt"/>
        <line num="26" count="4" type="stmt"/>
        <line num="29" count="4" type="cond" truecount="1" falsecount="0"/>
        <line num="33" count="4" type="stmt"/>
        <line num="34" count="4" type="stmt"/>
        <line num="36" count="4" type="stmt"/>
        <line num="42" count="4" type="stmt"/>
        <line num="45" count="1" type="stmt"/>
        <line num="49" count="4" type="stmt"/>
        <line num="50" count="4" type="stmt"/>
        <line num="52" count="4" type="stmt"/>
        <line num="56" count="4" type="stmt"/>
        <line num="71" count="4" type="stmt"/>
        <line num="74" count="1" type="stmt"/>
        <line num="78" count="4" type="stmt"/>
        <line num="79" count="4" type="stmt"/>
        <line num="81" count="4" type="cond" truecount="1" falsecount="0"/>
        <line num="82" count="2" type="stmt"/>
        <line num="84" count="2" type="stmt"/>
        <line num="85" count="2" type="stmt"/>
        <line num="86" count="2" type="stmt"/>
        <line num="112" count="2" type="stmt"/>
        <line num="115" count="2" type="stmt"/>
      </file>
    </package>
    <package name="helpers">
      <metrics statements="15" coveredstatements="14" conditionals="6" coveredconditionals="6" methods="3" coveredmethods="3"/>
      <file name="common.ts" path="D:\Projects\MEVN\menu-builder\menu-builder-app\src\helpers\common.ts">
        <metrics statements="5" coveredstatements="5" conditionals="4" coveredconditionals="4" methods="1" coveredmethods="1"/>
        <line num="1" count="1" type="stmt"/>
        <line num="6" count="4" type="cond" truecount="1" falsecount="0"/>
        <line num="7" count="3" type="cond" truecount="1" falsecount="0"/>
        <line num="9" count="2" type="cond" truecount="1" falsecount="0"/>
        <line num="10" count="1" type="stmt"/>
      </file>
      <file name="file.ts" path="D:\Projects\MEVN\menu-builder\menu-builder-app\src\helpers\file.ts">
        <metrics statements="10" coveredstatements="9" conditionals="2" coveredconditionals="2" methods="2" coveredmethods="2"/>
        <line num="1" count="2" type="stmt"/>
        <line num="3" count="2" type="cond" truecount="1" falsecount="0"/>
        <line num="4" count="3" type="stmt"/>
        <line num="5" count="3" type="stmt"/>
        <line num="7" count="3" type="cond" truecount="1" falsecount="0"/>
        <line num="8" count="2" type="stmt"/>
        <line num="9" count="2" type="stmt"/>
        <line num="10" count="2" type="stmt"/>
        <line num="13" count="3" type="stmt"/>
        <line num="15" count="0" type="stmt"/>
      </file>
    </package>
  </project>
</coverage>
