{"D:\\Projects\\MEVN\\menu-builder\\menu-builder-app\\src\\composables\\json-file-crud.ts": {"path":"D:\\Projects\\MEVN\\menu-builder\\menu-builder-app\\src\\composables\\json-file-crud.ts","statementMap":{"0":{"start":{"line":1,"column":0},"end":{"line":1,"column":20}},"1":{"start":{"line":2,"column":0},"end":{"line":2,"column":49}},"2":{"start":{"line":4,"column":27},"end":{"line":12,"column":2}},"3":{"start":{"line":4,"column":77},"end":{"line":12,"column":2}},"4":{"start":{"line":5,"column":4},"end":{"line":11,"column":null}},"5":{"start":{"line":6,"column":28},"end":{"line":6,"column":69}},"6":{"start":{"line":7,"column":27},"end":{"line":7,"column":50}},"7":{"start":{"line":8,"column":8},"end":{"line":8,"column":21}},"8":{"start":{"line":10,"column":8},"end":{"line":10,"column":18}},"9":{"start":{"line":4,"column":13},"end":{"line":4,"column":27}},"10":{"start":{"line":14,"column":23},"end":{"line":26,"column":2}},"11":{"start":{"line":17,"column":4},"end":{"line":26,"column":2}},"12":{"start":{"line":18,"column":4},"end":{"line":25,"column":null}},"13":{"start":{"line":19,"column":27},"end":{"line":19,"column":53}},"14":{"start":{"line":21,"column":21},"end":{"line":21,"column":55}},"15":{"start":{"line":21,"column":42},"end":{"line":21,"column":54}},"16":{"start":{"line":22,"column":8},"end":{"line":22,"column":34}},"17":{"start":{"line":24,"column":8},"end":{"line":24,"column":20}},"18":{"start":{"line":14,"column":13},"end":{"line":14,"column":23}},"19":{"start":{"line":28,"column":24},"end":{"line":43,"column":2}},"20":{"start":{"line":31,"column":4},"end":{"line":43,"column":2}},"21":{"start":{"line":32,"column":4},"end":{"line":42,"column":null}},"22":{"start":{"line":33,"column":8},"end":{"line":33,"column":30}},"23":{"start":{"line":35,"column":22},"end":{"line":35,"column":48}},"24":{"start":{"line":36,"column":8},"end":{"line":36,"column":25}},"25":{"start":{"line":37,"column":8},"end":{"line":37,"column":74}},"26":{"start":{"line":39,"column":8},"end":{"line":39,"column":20}},"27":{"start":{"line":41,"column":8},"end":{"line":41,"column":20}},"28":{"start":{"line":28,"column":13},"end":{"line":28,"column":24}},"29":{"start":{"line":45,"column":26},"end":{"line":69,"column":2}},"30":{"start":{"line":49,"column":4},"end":{"line":69,"column":2}},"31":{"start":{"line":50,"column":4},"end":{"line":68,"column":null}},"32":{"start":{"line":51,"column":22},"end":{"line":51,"column":48}},"33":{"start":{"line":52,"column":21},"end":{"line":52,"column":55}},"34":{"start":{"line":52,"column":42},"end":{"line":52,"column":54}},"35":{"start":{"line":53,"column":8},"end":{"line":53,"column":31}},"36":{"start":{"line":53,"column":19},"end":{"line":53,"column":31}},"37":{"start":{"line":55,"column":25},"end":{"line":55,"column":51}},"38":{"start":{"line":56,"column":29},"end":{"line":57,"column":null}},"39":{"start":{"line":57,"column":12},"end":{"line":57,"column":46}},"40":{"start":{"line":60,"column":8},"end":{"line":63,"column":10}},"41":{"start":{"line":65,"column":8},"end":{"line":65,"column":27}},"42":{"start":{"line":67,"column":8},"end":{"line":67,"column":20}},"43":{"start":{"line":45,"column":13},"end":{"line":45,"column":26}},"44":{"start":{"line":71,"column":26},"end":{"line":91,"column":2}},"45":{"start":{"line":74,"column":4},"end":{"line":91,"column":2}},"46":{"start":{"line":75,"column":4},"end":{"line":90,"column":null}},"47":{"start":{"line":76,"column":22},"end":{"line":76,"column":48}},"48":{"start":{"line":77,"column":21},"end":{"line":77,"column":55}},"49":{"start":{"line":77,"column":42},"end":{"line":77,"column":54}},"50":{"start":{"line":78,"column":8},"end":{"line":78,"column":31}},"51":{"start":{"line":78,"column":19},"end":{"line":78,"column":31}},"52":{"start":{"line":80,"column":29},"end":{"line":80,"column":64}},"53":{"start":{"line":80,"column":47},"end":{"line":80,"column":63}},"54":{"start":{"line":82,"column":8},"end":{"line":85,"column":10}},"55":{"start":{"line":87,"column":8},"end":{"line":87,"column":20}},"56":{"start":{"line":89,"column":8},"end":{"line":89,"column":21}},"57":{"start":{"line":71,"column":13},"end":{"line":71,"column":26}}},"fnMap":{"0":{"name":"(anonymous_8)","decl":{"start":{"line":4,"column":27},"end":{"line":4,"column":61}},"loc":{"start":{"line":4,"column":77},"end":{"line":12,"column":2}}},"1":{"name":"(anonymous_9)","decl":{"start":{"line":4,"column":77},"end":{"line":4,"column":null}},"loc":{"start":{"line":4,"column":77},"end":{"line":12,"column":1}}},"2":{"name":"(anonymous_10)","decl":{"start":{"line":14,"column":23},"end":{"line":14,"column":null}},"loc":{"start":{"line":17,"column":4},"end":{"line":26,"column":2}}},"3":{"name":"(anonymous_11)","decl":{"start":{"line":17,"column":4},"end":{"line":17,"column":null}},"loc":{"start":{"line":17,"column":4},"end":{"line":26,"column":1}}},"4":{"name":"(anonymous_12)","decl":{"start":{"line":21,"column":32},"end":{"line":21,"column":33}},"loc":{"start":{"line":21,"column":42},"end":{"line":21,"column":54}}},"5":{"name":"(anonymous_13)","decl":{"start":{"line":28,"column":24},"end":{"line":28,"column":null}},"loc":{"start":{"line":31,"column":4},"end":{"line":43,"column":2}}},"6":{"name":"(anonymous_14)","decl":{"start":{"line":31,"column":4},"end":{"line":31,"column":null}},"loc":{"start":{"line":31,"column":4},"end":{"line":43,"column":1}}},"7":{"name":"(anonymous_15)","decl":{"start":{"line":45,"column":26},"end":{"line":45,"column":null}},"loc":{"start":{"line":49,"column":4},"end":{"line":69,"column":2}}},"8":{"name":"(anonymous_16)","decl":{"start":{"line":49,"column":4},"end":{"line":49,"column":null}},"loc":{"start":{"line":49,"column":4},"end":{"line":69,"column":1}}},"9":{"name":"(anonymous_17)","decl":{"start":{"line":52,"column":32},"end":{"line":52,"column":33}},"loc":{"start":{"line":52,"column":42},"end":{"line":52,"column":54}}},"10":{"name":"(anonymous_18)","decl":{"start":{"line":56,"column":39},"end":{"line":56,"column":40}},"loc":{"start":{"line":57,"column":12},"end":{"line":57,"column":46}}},"11":{"name":"(anonymous_19)","decl":{"start":{"line":71,"column":26},"end":{"line":71,"column":null}},"loc":{"start":{"line":74,"column":4},"end":{"line":91,"column":2}}},"12":{"name":"(anonymous_20)","decl":{"start":{"line":74,"column":4},"end":{"line":74,"column":null}},"loc":{"start":{"line":74,"column":4},"end":{"line":91,"column":1}}},"13":{"name":"(anonymous_21)","decl":{"start":{"line":77,"column":32},"end":{"line":77,"column":33}},"loc":{"start":{"line":77,"column":42},"end":{"line":77,"column":54}}},"14":{"name":"(anonymous_22)","decl":{"start":{"line":80,"column":42},"end":{"line":80,"column":43}},"loc":{"start":{"line":80,"column":47},"end":{"line":80,"column":63}}}},"branchMap":{"0":{"loc":{"start":{"line":21,"column":42},"end":{"line":21,"column":47}},"type":"cond-expr","locations":[{"start":{"line":21,"column":43},"end":{"line":21,"column":45}},{"start":{"line":21,"column":42},"end":{"line":21,"column":47}}]},"1":{"loc":{"start":{"line":21,"column":42},"end":{"line":21,"column":45}},"type":"binary-expr","locations":[{"start":{"line":21,"column":42},"end":{"line":21,"column":45}},{"start":{"line":21,"column":42},"end":{"line":21,"column":45}}]},"2":{"loc":{"start":{"line":22,"column":15},"end":{"line":22,"column":33}},"type":"cond-expr","locations":[{"start":{"line":22,"column":22},"end":{"line":22,"column":26}},{"start":{"line":22,"column":29},"end":{"line":22,"column":33}}]},"3":{"loc":{"start":{"line":52,"column":42},"end":{"line":52,"column":47}},"type":"cond-expr","locations":[{"start":{"line":52,"column":43},"end":{"line":52,"column":45}},{"start":{"line":52,"column":42},"end":{"line":52,"column":47}}]},"4":{"loc":{"start":{"line":52,"column":42},"end":{"line":52,"column":45}},"type":"binary-expr","locations":[{"start":{"line":52,"column":42},"end":{"line":52,"column":45}},{"start":{"line":52,"column":42},"end":{"line":52,"column":45}}]},"5":{"loc":{"start":{"line":53,"column":8},"end":{"line":53,"column":31}},"type":"if","locations":[{"start":{"line":53,"column":8},"end":{"line":53,"column":31}}]},"6":{"loc":{"start":{"line":57,"column":12},"end":{"line":57,"column":46}},"type":"cond-expr","locations":[{"start":{"line":57,"column":31},"end":{"line":57,"column":42}},{"start":{"line":57,"column":45},"end":{"line":57,"column":46}}]},"7":{"loc":{"start":{"line":77,"column":42},"end":{"line":77,"column":47}},"type":"cond-expr","locations":[{"start":{"line":77,"column":43},"end":{"line":77,"column":45}},{"start":{"line":77,"column":42},"end":{"line":77,"column":47}}]},"8":{"loc":{"start":{"line":77,"column":42},"end":{"line":77,"column":45}},"type":"binary-expr","locations":[{"start":{"line":77,"column":42},"end":{"line":77,"column":45}},{"start":{"line":77,"column":42},"end":{"line":77,"column":45}}]},"9":{"loc":{"start":{"line":78,"column":8},"end":{"line":78,"column":31}},"type":"if","locations":[{"start":{"line":78,"column":8},"end":{"line":78,"column":31}}]}},"s":{"0":1,"1":1,"2":1,"3":8,"4":8,"5":8,"6":6,"7":6,"8":2,"9":1,"10":1,"11":3,"12":3,"13":3,"14":3,"15":6,"16":3,"17":0,"18":1,"19":1,"20":1,"21":1,"22":1,"23":1,"24":1,"25":1,"26":1,"27":0,"28":1,"29":1,"30":1,"31":1,"32":1,"33":1,"34":3,"35":1,"36":0,"37":1,"38":1,"39":4,"40":1,"41":1,"42":0,"43":1,"44":1,"45":1,"46":1,"47":1,"48":1,"49":3,"50":1,"51":0,"52":1,"53":4,"54":1,"55":1,"56":0,"57":1},"f":{"0":8,"1":8,"2":3,"3":3,"4":6,"5":1,"6":1,"7":1,"8":1,"9":3,"10":4,"11":1,"12":1,"13":3,"14":4},"b":{"0":[0,6],"1":[6,6],"2":[1,2],"3":[0,3],"4":[3,3],"5":[0],"6":[1,3],"7":[0,3],"8":[3,3],"9":[0]}}
,"D:\\Projects\\MEVN\\menu-builder\\menu-builder-app\\src\\composables\\resolve-template.ts": {"path":"D:\\Projects\\MEVN\\menu-builder\\menu-builder-app\\src\\composables\\resolve-template.ts","statementMap":{"0":{"start":{"line":3,"column":37},"end":{"line":20,"column":1}},"1":{"start":{"line":6,"column":25},"end":{"line":6,"column":27}},"2":{"start":{"line":7,"column":4},"end":{"line":10,"column":6}},"3":{"start":{"line":11,"column":4},"end":{"line":14,"column":6}},"4":{"start":{"line":15,"column":4},"end":{"line":15,"column":74}},"5":{"start":{"line":19,"column":4},"end":{"line":19,"column":26}},"6":{"start":{"line":3,"column":13},"end":{"line":3,"column":37}},"7":{"start":{"line":22,"column":33},"end":{"line":43,"column":1}},"8":{"start":{"line":26,"column":26},"end":{"line":26,"column":54}},"9":{"start":{"line":29,"column":4},"end":{"line":29,"column":52}},"10":{"start":{"line":29,"column":25},"end":{"line":29,"column":52}},"11":{"start":{"line":33,"column":26},"end":{"line":33,"column":28}},"12":{"start":{"line":34,"column":26},"end":{"line":34,"column":28}},"13":{"start":{"line":36,"column":4},"end":{"line":40,"column":29}},"14":{"start":{"line":42,"column":4},"end":{"line":42,"column":26}},"15":{"start":{"line":45,"column":37},"end":{"line":72,"column":1}},"16":{"start":{"line":49,"column":39},"end":{"line":49,"column":58}},"17":{"start":{"line":50,"column":27},"end":{"line":50,"column":55}},"18":{"start":{"line":52,"column":4},"end":{"line":54,"column":26}},"19":{"start":{"line":56,"column":4},"end":{"line":69,"column":10}},"20":{"start":{"line":71,"column":4},"end":{"line":71,"column":26}},"21":{"start":{"line":74,"column":24},"end":{"line":118,"column":1}},"22":{"start":{"line":78,"column":25},"end":{"line":78,"column":44}},"23":{"start":{"line":79,"column":41},"end":{"line":79,"column":69}},"24":{"start":{"line":81,"column":4},"end":{"line":82,"column":69}},"25":{"start":{"line":82,"column":8},"end":{"line":82,"column":69}},"26":{"start":{"line":84,"column":32},"end":{"line":84,"column":34}},"27":{"start":{"line":85,"column":4},"end":{"line":113,"column":7}},"28":{"start":{"line":86,"column":32},"end":{"line":109,"column":null}},"29":{"start":{"line":112,"column":8},"end":{"line":112,"column":77}},"30":{"start":{"line":115,"column":4},"end":{"line":117,"column":37}}},"fnMap":{"0":{"name":"(anonymous_0)","decl":{"start":{"line":3,"column":37},"end":{"line":3,"column":null}},"loc":{"start":{"line":5,"column":4},"end":{"line":20,"column":1}}},"1":{"name":"(anonymous_1)","decl":{"start":{"line":22,"column":33},"end":{"line":22,"column":null}},"loc":{"start":{"line":25,"column":4},"end":{"line":43,"column":1}}},"2":{"name":"(anonymous_2)","decl":{"start":{"line":45,"column":37},"end":{"line":45,"column":null}},"loc":{"start":{"line":48,"column":4},"end":{"line":72,"column":1}}},"3":{"name":"(anonymous_3)","decl":{"start":{"line":74,"column":24},"end":{"line":74,"column":null}},"loc":{"start":{"line":77,"column":4},"end":{"line":118,"column":1}}},"4":{"name":"(anonymous_4)","decl":{"start":{"line":85,"column":21},"end":{"line":85,"column":28}},"loc":{"start":{"line":85,"column":31},"end":{"line":113,"column":5}}}},"branchMap":{"0":{"loc":{"start":{"line":24,"column":4},"end":{"line":24,"column":31}},"type":"default-arg","locations":[{"start":{"line":24,"column":29},"end":{"line":24,"column":31}}]},"1":{"loc":{"start":{"line":29,"column":4},"end":{"line":29,"column":52}},"type":"if","locations":[{"start":{"line":29,"column":4},"end":{"line":29,"column":52}}]},"2":{"loc":{"start":{"line":47,"column":4},"end":{"line":47,"column":31}},"type":"default-arg","locations":[{"start":{"line":47,"column":29},"end":{"line":47,"column":31}}]},"3":{"loc":{"start":{"line":58,"column":14},"end":{"line":58,"column":76}},"type":"cond-expr","locations":[{"start":{"line":58,"column":44},"end":{"line":58,"column":71}},{"start":{"line":58,"column":74},"end":{"line":58,"column":76}}]},"4":{"loc":{"start":{"line":60,"column":14},"end":{"line":60,"column":76}},"type":"cond-expr","locations":[{"start":{"line":60,"column":44},"end":{"line":60,"column":71}},{"start":{"line":60,"column":74},"end":{"line":60,"column":76}}]},"5":{"loc":{"start":{"line":62,"column":14},"end":{"line":62,"column":60}},"type":"cond-expr","locations":[{"start":{"line":62,"column":44},"end":{"line":62,"column":51}},{"start":{"line":62,"column":54},"end":{"line":62,"column":60}}]},"6":{"loc":{"start":{"line":65,"column":12},"end":{"line":68,"column":20}},"type":"cond-expr","locations":[{"start":{"line":67,"column":18},"end":{"line":67,"column":52}},{"start":{"line":68,"column":18},"end":{"line":68,"column":20}}]},"7":{"loc":{"start":{"line":65,"column":12},"end":{"line":66,"column":70}},"type":"binary-expr","locations":[{"start":{"line":65,"column":12},"end":{"line":65,"column":46}},{"start":{"line":66,"column":16},"end":{"line":66,"column":70}}]},"8":{"loc":{"start":{"line":76,"column":4},"end":{"line":76,"column":31}},"type":"default-arg","locations":[{"start":{"line":76,"column":29},"end":{"line":76,"column":31}}]},"9":{"loc":{"start":{"line":81,"column":4},"end":{"line":82,"column":69}},"type":"if","locations":[{"start":{"line":81,"column":4},"end":{"line":82,"column":69}}]},"10":{"loc":{"start":{"line":90,"column":18},"end":{"line":90,"column":50}},"type":"cond-expr","locations":[{"start":{"line":90,"column":33},"end":{"line":90,"column":45}},{"start":{"line":90,"column":48},"end":{"line":90,"column":50}}]},"11":{"loc":{"start":{"line":92,"column":18},"end":{"line":92,"column":49}},"type":"cond-expr","locations":[{"start":{"line":92,"column":33},"end":{"line":92,"column":40}},{"start":{"line":92,"column":43},"end":{"line":92,"column":49}}]},"12":{"loc":{"start":{"line":94,"column":18},"end":{"line":94,"column":50}},"type":"cond-expr","locations":[{"start":{"line":94,"column":33},"end":{"line":94,"column":45}},{"start":{"line":94,"column":48},"end":{"line":94,"column":50}}]},"13":{"loc":{"start":{"line":97,"column":16},"end":{"line":99,"column":24}},"type":"cond-expr","locations":[{"start":{"line":98,"column":22},"end":{"line":98,"column":41}},{"start":{"line":99,"column":22},"end":{"line":99,"column":24}}]},"14":{"loc":{"start":{"line":97,"column":16},"end":{"line":97,"column":78}},"type":"binary-expr","locations":[{"start":{"line":97,"column":16},"end":{"line":97,"column":35}},{"start":{"line":97,"column":39},"end":{"line":97,"column":78}}]},"15":{"loc":{"start":{"line":103,"column":16},"end":{"line":109,"column":24}},"type":"cond-expr","locations":[{"start":{"line":104,"column":22},"end":{"line":104,"column":24}},{"start":{"line":105,"column":22},"end":{"line":109,"column":24}}]},"16":{"loc":{"start":{"line":105,"column":22},"end":{"line":109,"column":24}},"type":"cond-expr","locations":[{"start":{"line":106,"column":22},"end":{"line":106,"column":41}},{"start":{"line":107,"column":22},"end":{"line":109,"column":24}}]},"17":{"loc":{"start":{"line":107,"column":22},"end":{"line":109,"column":24}},"type":"cond-expr","locations":[{"start":{"line":108,"column":22},"end":{"line":108,"column":52}},{"start":{"line":109,"column":22},"end":{"line":109,"column":24}}]}},"s":{"0":1,"1":4,"2":4,"3":4,"4":4,"5":4,"6":1,"7":1,"8":4,"9":4,"10":4,"11":4,"12":4,"13":4,"14":4,"15":1,"16":4,"17":4,"18":4,"19":4,"20":4,"21":1,"22":4,"23":4,"24":4,"25":2,"26":2,"27":2,"28":2,"29":2,"30":2},"f":{"0":4,"1":4,"2":4,"3":4,"4":2},"b":{"0":[0],"1":[4],"2":[0],"3":[2,2],"4":[2,2],"5":[2,2],"6":[2,2],"7":[4,2],"8":[0],"9":[2],"10":[2,0],"11":[2,0],"12":[2,0],"13":[2,0],"14":[2,2],"15":[0,2],"16":[2,0],"17":[0,0]}}
,"D:\\Projects\\MEVN\\menu-builder\\menu-builder-app\\src\\helpers\\common.ts": {"path":"D:\\Projects\\MEVN\\menu-builder\\menu-builder-app\\src\\helpers\\common.ts","statementMap":{"0":{"start":{"line":1,"column":30},"end":{"line":11,"column":1}},"1":{"start":{"line":6,"column":4},"end":{"line":6,"column":44}},"2":{"start":{"line":6,"column":33},"end":{"line":6,"column":44}},"3":{"start":{"line":7,"column":4},"end":{"line":7,"column":48}},"4":{"start":{"line":7,"column":24},"end":{"line":7,"column":48}},"5":{"start":{"line":9,"column":4},"end":{"line":9,"column":60}},"6":{"start":{"line":9,"column":36},"end":{"line":9,"column":60}},"7":{"start":{"line":10,"column":4},"end":{"line":10,"column":15}},"8":{"start":{"line":1,"column":13},"end":{"line":1,"column":30}}},"fnMap":{"0":{"name":"(anonymous_0)","decl":{"start":{"line":1,"column":30},"end":{"line":1,"column":null}},"loc":{"start":{"line":5,"column":4},"end":{"line":11,"column":1}}}},"branchMap":{"0":{"loc":{"start":{"line":4,"column":4},"end":{"line":4,"column":33}},"type":"default-arg","locations":[{"start":{"line":4,"column":29},"end":{"line":4,"column":33}}]},"1":{"loc":{"start":{"line":6,"column":4},"end":{"line":6,"column":44}},"type":"if","locations":[{"start":{"line":6,"column":4},"end":{"line":6,"column":44}}]},"2":{"loc":{"start":{"line":7,"column":4},"end":{"line":7,"column":48}},"type":"if","locations":[{"start":{"line":7,"column":4},"end":{"line":7,"column":48}}]},"3":{"loc":{"start":{"line":9,"column":4},"end":{"line":9,"column":60}},"type":"if","locations":[{"start":{"line":9,"column":4},"end":{"line":9,"column":60}}]}},"s":{"0":1,"1":4,"2":1,"3":3,"4":1,"5":2,"6":1,"7":1,"8":1},"f":{"0":4},"b":{"0":[2],"1":[1],"2":[1],"3":[1]}}
,"D:\\Projects\\MEVN\\menu-builder\\menu-builder-app\\src\\helpers\\file.ts": {"path":"D:\\Projects\\MEVN\\menu-builder\\menu-builder-app\\src\\helpers\\file.ts","statementMap":{"0":{"start":{"line":1,"column":0},"end":{"line":1,"column":20}},"1":{"start":{"line":3,"column":31},"end":{"line":17,"column":1}},"2":{"start":{"line":4,"column":4},"end":{"line":16,"column":null}},"3":{"start":{"line":5,"column":22},"end":{"line":5,"column":48}},"4":{"start":{"line":7,"column":8},"end":{"line":11,"column":null}},"5":{"start":{"line":8,"column":22},"end":{"line":8,"column":40}},"6":{"start":{"line":9,"column":12},"end":{"line":9,"column":20}},"7":{"start":{"line":10,"column":12},"end":{"line":10,"column":34}},"8":{"start":{"line":13,"column":8},"end":{"line":13,"column":57}},"9":{"start":{"line":15,"column":8},"end":{"line":15,"column":42}},"10":{"start":{"line":3,"column":13},"end":{"line":3,"column":31}}},"fnMap":{"0":{"name":"(anonymous_1)","decl":{"start":{"line":3,"column":31},"end":{"line":3,"column":32}},"loc":{"start":{"line":3,"column":67},"end":{"line":17,"column":1}}},"1":{"name":"(anonymous_2)","decl":{"start":{"line":13,"column":47},"end":{"line":13,"column":50}},"loc":{"start":{"line":13,"column":52},"end":{"line":13,"column":55}}}},"branchMap":{"0":{"loc":{"start":{"line":3,"column":46},"end":{"line":3,"column":63}},"type":"default-arg","locations":[{"start":{"line":3,"column":59},"end":{"line":3,"column":63}}]},"1":{"loc":{"start":{"line":7,"column":8},"end":{"line":11,"column":null}},"type":"if","locations":[{"start":{"line":7,"column":8},"end":{"line":11,"column":null}}]}},"s":{"0":2,"1":2,"2":3,"3":3,"4":3,"5":2,"6":2,"7":2,"8":3,"9":0,"10":2},"f":{"0":3,"1":3},"b":{"0":[1],"1":[2]}}
}
