TN:
SF:src\composables\json-file-crud.ts
FN:4,(anonymous_8)
FN:4,(anonymous_9)
FN:14,(anonymous_10)
FN:17,(anonymous_11)
FN:21,(anonymous_12)
FN:28,(anonymous_13)
FN:31,(anonymous_14)
FN:45,(anonymous_15)
FN:49,(anonymous_16)
FN:52,(anonymous_17)
FN:56,(anonymous_18)
FN:71,(anonymous_19)
FN:74,(anonymous_20)
FN:77,(anonymous_21)
FN:80,(anonymous_22)
FNF:15
FNH:15
FNDA:8,(anonymous_8)
FNDA:8,(anonymous_9)
FNDA:3,(anonymous_10)
FNDA:3,(anonymous_11)
FNDA:6,(anonymous_12)
FNDA:1,(anonymous_13)
FNDA:1,(anonymous_14)
FNDA:1,(anonymous_15)
FNDA:1,(anonymous_16)
FNDA:3,(anonymous_17)
FNDA:4,(anonymous_18)
FNDA:1,(anonymous_19)
FNDA:1,(anonymous_20)
FNDA:3,(anonymous_21)
FNDA:4,(anonymous_22)
DA:1,1
DA:2,1
DA:4,8
DA:5,8
DA:6,8
DA:7,6
DA:8,6
DA:10,2
DA:14,1
DA:17,3
DA:18,3
DA:19,3
DA:21,6
DA:22,3
DA:24,0
DA:28,1
DA:31,1
DA:32,1
DA:33,1
DA:35,1
DA:36,1
DA:37,1
DA:39,1
DA:41,0
DA:45,1
DA:49,1
DA:50,1
DA:51,1
DA:52,3
DA:53,1
DA:55,1
DA:56,1
DA:57,4
DA:60,1
DA:65,1
DA:67,0
DA:71,1
DA:74,1
DA:75,1
DA:76,1
DA:77,3
DA:78,1
DA:80,4
DA:82,1
DA:87,1
DA:89,0
LF:46
LH:42
BRDA:21,0,0,0
BRDA:21,0,1,6
BRDA:21,1,0,6
BRDA:21,1,1,6
BRDA:22,2,0,1
BRDA:22,2,1,2
BRDA:52,3,0,0
BRDA:52,3,1,3
BRDA:52,4,0,3
BRDA:52,4,1,3
BRDA:53,5,0,0
BRDA:57,6,0,1
BRDA:57,6,1,3
BRDA:77,7,0,0
BRDA:77,7,1,3
BRDA:77,8,0,3
BRDA:77,8,1,3
BRDA:78,9,0,0
BRF:18
BRH:13
end_of_record
TN:
SF:src\composables\resolve-template.ts
FN:3,(anonymous_0)
FN:22,(anonymous_1)
FN:45,(anonymous_2)
FN:74,(anonymous_3)
FN:85,(anonymous_4)
FNF:5
FNH:5
FNDA:4,(anonymous_0)
FNDA:4,(anonymous_1)
FNDA:4,(anonymous_2)
FNDA:4,(anonymous_3)
FNDA:2,(anonymous_4)
DA:3,1
DA:6,4
DA:7,4
DA:11,4
DA:15,4
DA:19,4
DA:22,1
DA:26,4
DA:29,4
DA:33,4
DA:34,4
DA:36,4
DA:42,4
DA:45,1
DA:49,4
DA:50,4
DA:52,4
DA:56,4
DA:71,4
DA:74,1
DA:78,4
DA:79,4
DA:81,4
DA:82,2
DA:84,2
DA:85,2
DA:86,2
DA:112,2
DA:115,2
LF:29
LH:29
BRDA:24,0,0,0
BRDA:29,1,0,4
BRDA:47,2,0,0
BRDA:58,3,0,2
BRDA:58,3,1,2
BRDA:60,4,0,2
BRDA:60,4,1,2
BRDA:62,5,0,2
BRDA:62,5,1,2
BRDA:65,6,0,2
BRDA:65,6,1,2
BRDA:65,7,0,4
BRDA:65,7,1,2
BRDA:76,8,0,0
BRDA:81,9,0,2
BRDA:90,10,0,2
BRDA:90,10,1,0
BRDA:92,11,0,2
BRDA:92,11,1,0
BRDA:94,12,0,2
BRDA:94,12,1,0
BRDA:97,13,0,2
BRDA:97,13,1,0
BRDA:97,14,0,2
BRDA:97,14,1,2
BRDA:103,15,0,0
BRDA:103,15,1,2
BRDA:105,16,0,2
BRDA:105,16,1,0
BRDA:107,17,0,0
BRDA:107,17,1,0
BRF:31
BRH:20
end_of_record
TN:
SF:src\helpers\common.ts
FN:1,(anonymous_0)
FNF:1
FNH:1
FNDA:4,(anonymous_0)
DA:1,1
DA:6,4
DA:7,3
DA:9,2
DA:10,1
LF:5
LH:5
BRDA:4,0,0,2
BRDA:6,1,0,1
BRDA:7,2,0,1
BRDA:9,3,0,1
BRF:4
BRH:4
end_of_record
TN:
SF:src\helpers\file.ts
FN:3,(anonymous_1)
FN:13,(anonymous_2)
FNF:2
FNH:2
FNDA:3,(anonymous_1)
FNDA:3,(anonymous_2)
DA:1,2
DA:3,2
DA:4,3
DA:5,3
DA:7,3
DA:8,2
DA:9,2
DA:10,2
DA:13,3
DA:15,0
LF:10
LH:9
BRDA:3,0,0,1
BRDA:7,1,0,2
BRF:2
BRH:2
end_of_record
